<?xml version="1.0" encoding="UTF-8"?>
<testng-results skipped="1" failed="0" total="1" passed="0">
  <reporter-output>
  </reporter-output>
  <suite name="Default suite" duration-ms="1112" started-at="2019-06-28T10:30:09Z" finished-at="2019-06-28T10:30:10Z">
    <groups>
    </groups>
    <test name="Default test" duration-ms="1112" started-at="2019-06-28T10:30:09Z" finished-at="2019-06-28T10:30:10Z">
      <class name="com.learnframework.testcases.LoginCRM">
        <test-method status="PASS" signature="setUpSuit()[pri:0, instance:com.learnframework.testcases.LoginCRM@482f8f11]" name="setUpSuit" is-config="true" duration-ms="4863" started-at="2019-06-28T16:00:04Z" finished-at="2019-06-28T16:00:09Z">
          <reporter-output>
          </reporter-output>
        </test-method> <!-- setUpSuit -->
        <test-method status="FAIL" signature="setup(java.lang.String, java.lang.String)[pri:0, instance:com.learnframework.testcases.LoginCRM@482f8f11]" name="setup" is-config="true" duration-ms="0" started-at="2019-06-28T16:00:09Z" finished-at="2019-06-28T16:00:09Z">
          <exception class="org.testng.TestNGException">
            <message>
              <![CDATA[
Parameter 'systembrowser' is required by @Configuration on method setup but has not been marked @Optional or defined
in C:\Users\amit\AppData\Local\Temp\testng-eclipse--1864227460\testng-customsuite.xml]]>
            </message>
            <full-stacktrace>
              <![CDATA[org.testng.TestNGException: 
Parameter 'systembrowser' is required by @Configuration on method setup but has not been marked @Optional or defined
in C:\Users\amit\AppData\Local\Temp\testng-eclipse--1864227460\testng-customsuite.xml
	at org.testng.internal.Parameters.createParameters(Parameters.java:155)
	at org.testng.internal.Parameters.createParameters(Parameters.java:355)
	at org.testng.internal.Parameters.createConfigurationParameters(Parameters.java:86)
	at org.testng.internal.Invoker.invokeConfigurations(Invoker.java:199)
	at org.testng.internal.Invoker.invokeConfigurations(Invoker.java:138)
	at org.testng.internal.TestMethodWorker.invokeBeforeClassMethods(TestMethodWorker.java:175)
	at org.testng.internal.TestMethodWorker.run(TestMethodWorker.java:107)
	at org.testng.TestRunner.privateRun(TestRunner.java:767)
	at org.testng.TestRunner.run(TestRunner.java:617)
	at org.testng.SuiteRunner.runTest(SuiteRunner.java:334)
	at org.testng.SuiteRunner.runSequentially(SuiteRunner.java:329)
	at org.testng.SuiteRunner.privateRun(SuiteRunner.java:291)
	at org.testng.SuiteRunner.run(SuiteRunner.java:240)
	at org.testng.SuiteRunnerWorker.runSuite(SuiteRunnerWorker.java:52)
	at org.testng.SuiteRunnerWorker.run(SuiteRunnerWorker.java:86)
	at org.testng.TestNG.runSuitesSequentially(TestNG.java:1198)
	at org.testng.TestNG.runSuitesLocally(TestNG.java:1123)
	at org.testng.TestNG.run(TestNG.java:1031)
	at org.testng.remote.AbstractRemoteTestNG.run(AbstractRemoteTestNG.java:114)
	at org.testng.remote.RemoteTestNG.initAndRun(RemoteTestNG.java:251)
	at org.testng.remote.RemoteTestNG.main(RemoteTestNG.java:77)
]]>
            </full-stacktrace>
          </exception> <!-- org.testng.TestNGException -->
          <reporter-output>
          </reporter-output>
        </test-method> <!-- setup -->
        <test-method status="SKIP" signature="validLlogin()[pri:0, instance:com.learnframework.testcases.LoginCRM@482f8f11]" name="validLlogin" duration-ms="16" started-at="2019-06-28T16:00:10Z" finished-at="2019-06-28T16:00:10Z">
          <reporter-output>
          </reporter-output>
        </test-method> <!-- validLlogin -->
        <test-method status="SKIP" signature="screenonFailure(org.testng.ITestResult)[pri:0, instance:com.learnframework.testcases.LoginCRM@482f8f11]" name="screenonFailure" is-config="true" duration-ms="0" started-at="2019-06-28T16:00:10Z" finished-at="2019-06-28T16:00:10Z">
          <reporter-output>
          </reporter-output>
        </test-method> <!-- screenonFailure -->
        <test-method status="SKIP" signature="teardown()[pri:0, instance:com.learnframework.testcases.LoginCRM@482f8f11]" name="teardown" is-config="true" duration-ms="0" started-at="2019-06-28T16:00:10Z" finished-at="2019-06-28T16:00:10Z">
          <reporter-output>
          </reporter-output>
        </test-method> <!-- teardown -->
      </class> <!-- com.learnframework.testcases.LoginCRM -->
    </test> <!-- Default test -->
  </suite> <!-- Default suite -->
</testng-results>
